<?xml version="1.0" encoding="UTF-8"?>
<!-- Generated by org.testng.reporters.JUnitReportReporter -->
<testsuite hostname="UtpalLade" failures="0" tests="4" name="api.test.UserTests2" time="20.115" errors="0" timestamp="2024-04-05T12:25:20 IST" skipped="0">
  <testcase classname="api.test.UserTests2" name="testPostUser" time="14.789"/>
  <testcase classname="api.test.UserTests2" name="testGetUser" time="1.837"/>
  <testcase classname="api.test.UserTests2" name="testUpdateUser" time="1.909"/>
  <testcase classname="api.test.UserTests2" name="testDeleteUser" time="1.580"/>
</testsuite> <!-- api.test.UserTests2 -->
