<?xml version="1.0" encoding="UTF-8"?>
<!-- Generated by org.testng.reporters.JUnitReportReporter -->
<testsuite hostname="UtpalLade" failures="0" tests="4" name="api.test.UserTestslog" time="13.081" errors="0" timestamp="2024-04-02T12:16:10 IST" skipped="0">
  <testcase classname="api.test.UserTestslog" name="testPostUser" time="4.776"/>
  <testcase classname="api.test.UserTestslog" name="testGetUser" time="2.894"/>
  <testcase classname="api.test.UserTestslog" name="testUpdateUser" time="2.549"/>
  <testcase classname="api.test.UserTestslog" name="testDeleteUser" time="2.862"/>
</testsuite> <!-- api.test.UserTestslog -->
