<?xml version="1.0" encoding="UTF-8"?>
<!-- Generated by org.testng.reporters.JUnitReportReporter -->
<testsuite hostname="UtpalLade" failures="0" tests="3" name="api.test.StoreTestslog" time="6.051" errors="0" timestamp="2024-04-05T19:36:24 IST" skipped="0">
  <testcase classname="api.test.StoreTestslog" name="testPostStore" time="2.919"/>
  <testcase classname="api.test.StoreTestslog" name="testgetStore" time="1.507"/>
  <testcase classname="api.test.StoreTestslog" name="testdeletStore" time="1.625"/>
</testsuite> <!-- api.test.StoreTestslog -->
