<?xml version="1.0" encoding="UTF-8"?>
<!-- Generated by org.testng.reporters.JUnitReportReporter -->
<testsuite hostname="UtpalLade" failures="0" tests="3" name="api.test.StoreTests" time="18.558" errors="0" timestamp="2024-04-05T11:51:15 IST" skipped="0">
  <testcase classname="api.test.StoreTests" name="testPostStore" time="14.786"/>
  <testcase classname="api.test.StoreTests" name="testgetStore" time="2.175"/>
  <testcase classname="api.test.StoreTests" name="testdeletStore" time="1.597"/>
</testsuite> <!-- api.test.StoreTests -->
