<?xml version="1.0" encoding="UTF-8"?>
<!-- Generated by org.testng.reporters.JUnitReportReporter -->
<testsuite hostname="UtpalLade" failures="0" tests="18" name="api.test.StoreTestsDD" time="29.692" errors="0" timestamp="2024-04-05T19:03:48 IST" skipped="0">
  <testcase classname="api.test.StoreTestsDD" name="testPostStore" time="4.679"/>
  <testcase classname="api.test.StoreTestsDD" name="testPostStore" time="1.433"/>
  <testcase classname="api.test.StoreTestsDD" name="testPostStore" time="1.439"/>
  <testcase classname="api.test.StoreTestsDD" name="testPostStore" time="1.463"/>
  <testcase classname="api.test.StoreTestsDD" name="testPostStore" time="1.448"/>
  <testcase classname="api.test.StoreTestsDD" name="testPostStore" time="1.393"/>
  <testcase classname="api.test.StoreTestsDD" name="testgetStore" time="1.384"/>
  <testcase classname="api.test.StoreTestsDD" name="testgetStore" time="1.461"/>
  <testcase classname="api.test.StoreTestsDD" name="testgetStore" time="1.414"/>
  <testcase classname="api.test.StoreTestsDD" name="testgetStore" time="1.956"/>
  <testcase classname="api.test.StoreTestsDD" name="testgetStore" time="1.519"/>
  <testcase classname="api.test.StoreTestsDD" name="testgetStore" time="1.402"/>
  <testcase classname="api.test.StoreTestsDD" name="testdeletStore" time="1.452"/>
  <testcase classname="api.test.StoreTestsDD" name="testdeletStore" time="1.418"/>
  <testcase classname="api.test.StoreTestsDD" name="testdeletStore" time="1.456"/>
  <testcase classname="api.test.StoreTestsDD" name="testdeletStore" time="1.455"/>
  <testcase classname="api.test.StoreTestsDD" name="testdeletStore" time="1.397"/>
  <testcase classname="api.test.StoreTestsDD" name="testdeletStore" time="1.523"/>
</testsuite> <!-- api.test.StoreTestsDD -->
