<?xml version="1.0" encoding="UTF-8"?>
<!-- Generated by org.testng.reporters.JUnitReportReporter -->
<testsuite hostname="UtpalLade" failures="0" tests="4" name="api.test.UserTests" time="12.446" errors="0" timestamp="2024-04-02T12:01:03 IST" skipped="0">
  <testcase classname="api.test.UserTests" name="testPostUser" time="4.590"/>
  <testcase classname="api.test.UserTests" name="testGetUser" time="2.746"/>
  <testcase classname="api.test.UserTests" name="testUpdateUser" time="2.758"/>
  <testcase classname="api.test.UserTests" name="testDeleteUser" time="2.352"/>
</testsuite> <!-- api.test.UserTests -->
