<?xml version="1.0" encoding="UTF-8"?>
<!-- Generated by org.testng.reporters.JUnitReportReporter -->
<testsuite hostname="UtpalLade" failures="0" tests="6" name="api.test.DDTests" time="14.198" errors="0" timestamp="2024-04-01T19:16:38 IST" skipped="0">
  <testcase classname="api.test.DDTests" name="testPostUser" time="2.453"/>
  <testcase classname="api.test.DDTests" name="testPostUser" time="2.312"/>
  <testcase classname="api.test.DDTests" name="testPostUser" time="2.483"/>
  <testcase classname="api.test.DDTests" name="testDeleteUserbyName" time="2.780"/>
  <testcase classname="api.test.DDTests" name="testDeleteUserbyName" time="2.233"/>
  <testcase classname="api.test.DDTests" name="testDeleteUserbyName" time="1.937"/>
</testsuite> <!-- api.test.DDTests -->
