<?xml version="1.0" encoding="UTF-8"?>
<!-- Generated by org.testng.reporters.JUnitReportReporter -->
<testsuite hostname="UtpalLade" failures="0" tests="3" name="api.test.StoreTestswithresourceroutes" time="5.107" errors="0" timestamp="2024-04-05T12:25:20 IST" skipped="0">
  <testcase classname="api.test.StoreTestswithresourceroutes" name="testPostStore" time="1.605"/>
  <testcase classname="api.test.StoreTestswithresourceroutes" name="testgetStore" time="1.887"/>
  <testcase classname="api.test.StoreTestswithresourceroutes" name="testdeletStore" time="1.615"/>
</testsuite> <!-- api.test.StoreTestswithresourceroutes -->
