<?xml version="1.0" encoding="UTF-8"?>
<!-- Generated by org.testng.reporters.JUnitReportReporter -->
<testsuite hostname="UtpalLade" failures="0" tests="3" name="api.test.StoreTestslog" time="7.554" errors="0" timestamp="2024-04-05T19:43:06 IST" skipped="0">
  <testcase classname="api.test.StoreTestslog" name="testPostStore" time="4.727"/>
  <testcase classname="api.test.StoreTestslog" name="testgetStore" time="1.442"/>
  <testcase classname="api.test.StoreTestslog" name="testdeletStore" time="1.385"/>
</testsuite> <!-- api.test.StoreTestslog -->
